\BOOKMARK [1][-]{section.1}{\376\377\000I\000n\000t\000r\000o\000d\000u\000c\000t\000i\000o\000n}{}% 1
\BOOKMARK [1][-]{section.2}{\376\377\000R\000e\000l\000a\000t\000e\000d\000\040\000W\000o\000r\000k}{}% 2
\BOOKMARK [1][-]{section.6}{\376\377\000M\000e\000t\000h\000o\000d}{}% 3
\BOOKMARK [2][-]{subsection.7}{\376\377\000F\000o\000r\000m\000u\000l\000a\000t\000i\000o\000n\000\040\000a\000n\000d\000\040\000A\000s\000s\000u\000m\000p\000t\000i\000o\000n\000s}{section.6}% 4
\BOOKMARK [2][-]{subsection.8}{\376\377\000M\000e\000t\000h\000o\000d\000\040\000D\000e\000t\000a\000i\000l\000s}{section.6}% 5
\BOOKMARK [2][-]{subsection.14}{\376\377\000W\000e\000i\000g\000h\000t\000\040\000O\000p\000t\000i\000m\000i\000z\000a\000t\000i\000o\000n\000\040\000a\000n\000d\000\040\000A\000g\000g\000r\000e\000g\000a\000t\000i\000o\000n}{section.6}% 6
\BOOKMARK [1][-]{section.19}{\376\377\000E\000x\000p\000e\000r\000i\000m\000e\000n\000t\000s}{}% 7
\BOOKMARK [2][-]{subsection.20}{\376\377\000E\000x\000p\000e\000r\000i\000m\000e\000n\000t\000a\000l\000\040\000S\000e\000t\000u\000p}{section.19}% 8
\BOOKMARK [2][-]{subsection.28}{\376\377\000M\000a\000i\000n\000\040\000E\000v\000a\000l\000u\000a\000t\000i\000o\000n\000\040\000C\000o\000m\000p\000a\000r\000i\000s\000o\000n\000s}{section.19}% 9
\BOOKMARK [2][-]{subsection.31}{\376\377\000A\000b\000l\000a\000t\000i\000o\000n\000s\000,\000\040\000S\000t\000r\000e\000s\000s\000\040\000T\000e\000s\000t\000s\000,\000\040\000a\000n\000d\000\040\000O\000v\000e\000r\000h\000e\000a\000d}{section.19}% 10
\BOOKMARK [2][-]{subsection.35}{\376\377\000C\000u\000r\000r\000e\000n\000t\000\040\000C\000o\000m\000p\000l\000e\000t\000e\000d\000\040\000R\000e\000s\000u\000l\000t\000s}{section.19}% 11
\BOOKMARK [1][-]{section.42}{\376\377\000C\000o\000n\000c\000l\000u\000s\000i\000o\000n}{}% 12
\BOOKMARK [1][-]{appendix.44}{\376\377\000A\000l\000g\000o\000r\000i\000t\000h\000m\000i\000c\000\040\000D\000e\000t\000a\000i\000l\000s}{}% 13
\BOOKMARK [2][-]{subsection.45}{\376\377\000R\000o\000u\000n\000d\000-\000L\000e\000v\000e\000l\000\040\000P\000s\000e\000u\000d\000o\000c\000o\000d\000e}{appendix.44}% 14
\BOOKMARK [2][-]{subsection.85}{\376\377\000I\000m\000p\000l\000e\000m\000e\000n\000t\000a\000t\000i\000o\000n\000\040\000N\000o\000t\000e\000s}{appendix.44}% 15
\BOOKMARK [1][-]{appendix.95}{\376\377\000T\000h\000e\000o\000r\000e\000t\000i\000c\000a\000l\000\040\000A\000n\000a\000l\000y\000s\000i\000s}{}% 16
\BOOKMARK [1][-]{appendix.104}{\376\377\000A\000d\000d\000i\000t\000i\000o\000n\000a\000l\000\040\000E\000x\000p\000e\000r\000i\000m\000e\000n\000t\000a\000l\000\040\000D\000e\000t\000a\000i\000l\000s}{}% 17
\BOOKMARK [2][-]{subsection.105}{\376\377\000E\000x\000p\000e\000r\000i\000m\000e\000n\000t\000a\000l\000\040\000G\000o\000a\000l\000s}{appendix.104}% 18
\BOOKMARK [2][-]{subsection.106}{\376\377\000B\000e\000n\000c\000h\000m\000a\000r\000k\000s}{appendix.104}% 19
\BOOKMARK [2][-]{subsection.111}{\376\377\000T\000h\000r\000e\000a\000t\000\040\000M\000o\000d\000e\000l\000s}{appendix.104}% 20
\BOOKMARK [2][-]{subsection.113}{\376\377\000B\000a\000s\000e\000l\000i\000n\000e\000s}{appendix.104}% 21
\BOOKMARK [2][-]{subsection.115}{\376\377\000M\000e\000t\000r\000i\000c\000s\000\040\000a\000n\000d\000\040\000F\000a\000i\000r\000n\000e\000s\000s}{appendix.104}% 22
\BOOKMARK [2][-]{subsection.116}{\376\377\000S\000h\000a\000r\000e\000d\000\040\000T\000r\000a\000i\000n\000i\000n\000g\000\040\000P\000r\000o\000t\000o\000c\000o\000l}{appendix.104}% 23
\BOOKMARK [2][-]{subsection.117}{\376\377\000F\000i\000n\000a\000l\000\040\000L\000o\000s\000s\000\040\000R\000e\000s\000u\000l\000t\000s}{appendix.104}% 24
\BOOKMARK [2][-]{subsection.120}{\376\377\000C\000o\000d\000e\000b\000a\000s\000e\000-\000S\000u\000p\000p\000o\000r\000t\000e\000d\000\040\000E\000x\000p\000a\000n\000s\000i\000o\000n\000\040\000M\000a\000t\000r\000i\000x}{appendix.104}% 25
\BOOKMARK [2][-]{subsection.123}{\376\377\000C\000A\000R\000A\000T\000\040\000H\000y\000p\000e\000r\000p\000a\000r\000a\000m\000e\000t\000e\000r\000s\000,\000\040\000S\000t\000r\000e\000s\000s\000\040\000T\000e\000s\000t\000s\000,\000\040\000a\000n\000d\000\040\000A\000b\000l\000a\000t\000i\000o\000n\000\040\000P\000l\000a\000n}{appendix.104}% 26
